<?xml version="1.0" encoding="UTF-8"?>
<!-- Generated by org.testng.reporters.JUnitXMLReporter -->
<testsuite hostname="Manish-2.local" name="Testing Parameterization" tests="2" failures="2" timestamp="27 Feb 2017 17:40:43 GMT" time="93.581" errors="0">
  <testcase name="bookFlight" time="24.987" classname="com.gojek.test.roundTripBooking">
    <failure type="org.openqa.selenium.TimeoutException" message="Expected condition failed: waiting for visibility of [[ChromeDriver: chrome on MAC (f3e5257c9ed1dcbd06bbf09eda79a399)] -&amp;gt; xpath: //*[contains(text(),&amp;apos;Book&amp;apos;)]] (tried for 10 second(s) with 500 MILLISECONDS interval)
Build info: version: &amp;apos;3.1.0&amp;apos;, revision: &amp;apos;86a5d70&amp;apos;, time: &amp;apos;2017-02-16 07:57:44 -0800&amp;apos;
System info: host: &amp;apos;Manish-2.local&amp;apos;, ip: &amp;apos;fe80:0:0:0:c76:df8d:dd01:9fac%en0&amp;apos;, os.name: &amp;apos;Mac OS X&amp;apos;, os.arch: &amp;apos;x86_64&amp;apos;, os.version: &amp;apos;10.12.1&amp;apos;, java.version: &amp;apos;1.8.0_45&amp;apos;
Driver info: org.openqa.selenium.chrome.ChromeDriver
Capabilities [{applicationCacheEnabled=false, rotatable=false, mobileEmulationEnabled=false, networkConnectionEnabled=false, chrome={chromedriverVersion=2.27.440174 (e97a722caafc2d3a8b807ee115bfb307f7d2cfd9), userDataDir=/var/folders/th/xqhqhb193dx09fym4v37nvv9_3py2y/T/.org.chromium.Chromium.U7o3Qf}, takesHeapSnapshot=true, pageLoadStrategy=normal, databaseEnabled=false, handlesAlerts=true, hasTouchScreen=false, version=56.0.2924.87, platform=MAC, browserConnectionEnabled=false, nativeEvents=true, acceptSslCerts=true, locationContextEnabled=true, webStorageEnabled=true, browserName=chrome, takesScreenshot=true, javascriptEnabled=true, cssSelectorsEnabled=true, unexpectedAlertBehaviour=}]
Session ID: f3e5257c9ed1dcbd06bbf09eda79a399">
      <![CDATA[org.openqa.selenium.TimeoutException: Expected condition failed: waiting for visibility of [[ChromeDriver: chrome on MAC (f3e5257c9ed1dcbd06bbf09eda79a399)] -> xpath: //*[contains(text(),'Book')]] (tried for 10 second(s) with 500 MILLISECONDS interval)
Build info: version: '3.1.0', revision: '86a5d70', time: '2017-02-16 07:57:44 -0800'
System info: host: 'Manish-2.local', ip: 'fe80:0:0:0:c76:df8d:dd01:9fac%en0', os.name: 'Mac OS X', os.arch: 'x86_64', os.version: '10.12.1', java.version: '1.8.0_45'
Driver info: org.openqa.selenium.chrome.ChromeDriver
Capabilities [{applicationCacheEnabled=false, rotatable=false, mobileEmulationEnabled=false, networkConnectionEnabled=false, chrome={chromedriverVersion=2.27.440174 (e97a722caafc2d3a8b807ee115bfb307f7d2cfd9), userDataDir=/var/folders/th/xqhqhb193dx09fym4v37nvv9_3py2y/T/.org.chromium.Chromium.U7o3Qf}, takesHeapSnapshot=true, pageLoadStrategy=normal, databaseEnabled=false, handlesAlerts=true, hasTouchScreen=false, version=56.0.2924.87, platform=MAC, browserConnectionEnabled=false, nativeEvents=true, acceptSslCerts=true, locationContextEnabled=true, webStorageEnabled=true, browserName=chrome, takesScreenshot=true, javascriptEnabled=true, cssSelectorsEnabled=true, unexpectedAlertBehaviour=}]
Session ID: f3e5257c9ed1dcbd06bbf09eda79a399
	at org.openqa.selenium.support.ui.WebDriverWait.timeoutException(WebDriverWait.java:80)
	at org.openqa.selenium.support.ui.FluentWait.until(FluentWait.java:257)
	at com.gojek.test.roundTripBooking.bookFlight(roundTripBooking.java:47)
... Removed 24 stack frames]]>
    </failure>
  </testcase> <!-- bookFlight -->
  <testcase name="bookFlight1" time="25.903" classname="com.gojek.test.oneWayBooking">
    <failure type="org.openqa.selenium.TimeoutException" message="Expected condition failed: waiting for visibility of [[ChromeDriver: chrome on MAC (6ee9ca9d1343b9bc3d92a73c7e8d3656)] -&amp;gt; xpath: //*[contains(text(),&amp;apos;Book&amp;apos;)]] (tried for 10 second(s) with 500 MILLISECONDS interval)
Build info: version: &amp;apos;3.1.0&amp;apos;, revision: &amp;apos;86a5d70&amp;apos;, time: &amp;apos;2017-02-16 07:57:44 -0800&amp;apos;
System info: host: &amp;apos;Manish-2.local&amp;apos;, ip: &amp;apos;fe80:0:0:0:c76:df8d:dd01:9fac%en0&amp;apos;, os.name: &amp;apos;Mac OS X&amp;apos;, os.arch: &amp;apos;x86_64&amp;apos;, os.version: &amp;apos;10.12.1&amp;apos;, java.version: &amp;apos;1.8.0_45&amp;apos;
Driver info: org.openqa.selenium.chrome.ChromeDriver
Capabilities [{applicationCacheEnabled=false, rotatable=false, mobileEmulationEnabled=false, networkConnectionEnabled=false, chrome={chromedriverVersion=2.27.440174 (e97a722caafc2d3a8b807ee115bfb307f7d2cfd9), userDataDir=/var/folders/th/xqhqhb193dx09fym4v37nvv9_3py2y/T/.org.chromium.Chromium.KvD1ww}, takesHeapSnapshot=true, pageLoadStrategy=normal, databaseEnabled=false, handlesAlerts=true, hasTouchScreen=false, version=56.0.2924.87, platform=MAC, browserConnectionEnabled=false, nativeEvents=true, acceptSslCerts=true, locationContextEnabled=true, webStorageEnabled=true, browserName=chrome, takesScreenshot=true, javascriptEnabled=true, cssSelectorsEnabled=true, unexpectedAlertBehaviour=}]
Session ID: 6ee9ca9d1343b9bc3d92a73c7e8d3656">
      <![CDATA[org.openqa.selenium.TimeoutException: Expected condition failed: waiting for visibility of [[ChromeDriver: chrome on MAC (6ee9ca9d1343b9bc3d92a73c7e8d3656)] -> xpath: //*[contains(text(),'Book')]] (tried for 10 second(s) with 500 MILLISECONDS interval)
Build info: version: '3.1.0', revision: '86a5d70', time: '2017-02-16 07:57:44 -0800'
System info: host: 'Manish-2.local', ip: 'fe80:0:0:0:c76:df8d:dd01:9fac%en0', os.name: 'Mac OS X', os.arch: 'x86_64', os.version: '10.12.1', java.version: '1.8.0_45'
Driver info: org.openqa.selenium.chrome.ChromeDriver
Capabilities [{applicationCacheEnabled=false, rotatable=false, mobileEmulationEnabled=false, networkConnectionEnabled=false, chrome={chromedriverVersion=2.27.440174 (e97a722caafc2d3a8b807ee115bfb307f7d2cfd9), userDataDir=/var/folders/th/xqhqhb193dx09fym4v37nvv9_3py2y/T/.org.chromium.Chromium.KvD1ww}, takesHeapSnapshot=true, pageLoadStrategy=normal, databaseEnabled=false, handlesAlerts=true, hasTouchScreen=false, version=56.0.2924.87, platform=MAC, browserConnectionEnabled=false, nativeEvents=true, acceptSslCerts=true, locationContextEnabled=true, webStorageEnabled=true, browserName=chrome, takesScreenshot=true, javascriptEnabled=true, cssSelectorsEnabled=true, unexpectedAlertBehaviour=}]
Session ID: 6ee9ca9d1343b9bc3d92a73c7e8d3656
	at org.openqa.selenium.support.ui.WebDriverWait.timeoutException(WebDriverWait.java:80)
	at org.openqa.selenium.support.ui.FluentWait.until(FluentWait.java:257)
	at com.gojek.test.oneWayBooking.bookFlight1(oneWayBooking.java:42)
... Removed 24 stack frames]]>
    </failure>
  </testcase> <!-- bookFlight1 -->
</testsuite> <!-- Testing Parameterization -->
